{
  "RSpec": {
    "coverage": {
      "/Users/archieparchie/Desktop/Projects/Week_4/bookmark-manager/app.rb": {
        "lines": [
          1,
          1,
          1,
          null,
          1,
          1,
          1,
          null,
          null,
          1,
          0,
          null,
          null,
          1,
          0,
          0,
          0,
          null,
          null,
          null,
          1,
          null
        ]
      },
      "/Users/archieparchie/Desktop/Projects/Week_4/bookmark-manager/lib/bookmark_list.rb": {
        "lines": [
          1,
          null,
          1,
          null,
          1,
          0,
          0,
          null,
          0,
          null,
          null,
          0,
          0,
          null,
          null,
          null
        ]
      },
      "/Users/archieparchie/Desktop/Projects/Week_4/bookmark-manager/spec/web_helpers.rb": {
        "lines": [

        ]
      },
      "/Users/archieparchie/Desktop/Projects/Week_4/bookmark-manager/spec/bookmark_list_spec.rb": {
        "lines": [
          1,
          null,
          1,
          null,
          1,
          1,
          0,
          null,
          null,
          0,
          0,
          0,
          null,
          0,
          null,
          0,
          0,
          0,
          null,
          null,
          null,
          null
        ]
      },
      "/Users/archieparchie/Desktop/Projects/Week_4/bookmark-manager/spec/features/bookmarks_feature_spec.rb": {
        "lines": [
          1,
          1,
          0,
          0,
          null,
          null,
          null,
          1,
          1,
          0,
          0,
          0,
          0,
          0,
          0,
          0,
          0,
          null,
          null
        ]
      }
    },
    "timestamp": 1652270155
  }
}
